2025-01-10 14:40:58 debug: number_format(): Passing null to parameter #1 ($num) of type float is deprecated
Request URL: /sleep-records
Referer URL: https://cake.furosha.com/login
Client IP: 172.71.134.235
Trace:
Cake\Error\ErrorTrap->handleError() [internal], line ??
/var/www/cake/templates/SleepRecords/index.php /var/www/cake/templates/SleepRecords/index.php, line 35
/var/www/cake/vendor/cakephp/cakephp/src/View/View.php /var/www/cake/vendor/cakephp/cakephp/src/View/View.php, line 1188
Cake\View\View->_evaluate() /var/www/cake/vendor/cakephp/cakephp/src/View/View.php, line 1145
Cake\View\View->_render() /var/www/cake/vendor/cakephp/cakephp/src/View/View.php, line 785
Cake\View\View->render() /var/www/cake/vendor/cakephp/cakephp/src/Controller/Controller.php, line 710
Cake\Controller\Controller->render() /var/www/cake/vendor/cakephp/cakephp/src/Controller/Controller.php, line 514
Cake\Controller\Controller->invokeAction() /var/www/cake/vendor/cakephp/cakephp/src/Controller/ControllerFactory.php, line 166
Cake\Controller\ControllerFactory->handle() /var/www/cake/vendor/cakephp/cakephp/src/Controller/ControllerFactory.php, line 141
Cake\Controller\ControllerFactory->invoke() /var/www/cake/vendor/cakephp/cakephp/src/Http/BaseApplication.php, line 362
Cake\Http\BaseApplication->handle() /var/www/cake/vendor/cakephp/cakephp/src/Http/Runner.php, line 86
Cake\Http\Runner->handle() /var/www/cake/vendor/cakephp/authentication/src/Middleware/AuthenticationMiddleware.php, line 107
Authentication\Middleware\AuthenticationMiddleware->process() /var/www/cake/vendor/cakephp/cakephp/src/Http/Runner.php, line 82
Cake\Http\Runner->handle() /var/www/cake/vendor/cakephp/cakephp/src/Http/Middleware/CsrfProtectionMiddleware.php, line 169
Cake\Http\Middleware\CsrfProtectionMiddleware->process() /var/www/cake/vendor/cakephp/cakephp/src/Http/Runner.php, line 82
Cake\Http\Runner->handle() /var/www/cake/vendor/cakephp/cakephp/src/Http/Middleware/BodyParserMiddleware.php, line 157
Cake\Http\Middleware\BodyParserMiddleware->process() /var/www/cake/vendor/cakephp/cakephp/src/Http/Runner.php, line 82
Cake\Http\Runner->handle() /var/www/cake/vendor/cakephp/cakephp/src/Routing/Middleware/RoutingMiddleware.php, line 118
Cake\Routing\Middleware\RoutingMiddleware->process() /var/www/cake/vendor/cakephp/cakephp/src/Http/Runner.php, line 82
Cake\Http\Runner->handle() /var/www/cake/vendor/cakephp/cakephp/src/Routing/Middleware/AssetMiddleware.php, line 69
Cake\Routing\Middleware\AssetMiddleware->process() /var/www/cake/vendor/cakephp/cakephp/src/Http/Runner.php, line 82
Cake\Http\Runner->handle() /var/www/cake/vendor/cakephp/cakephp/src/Error/Middleware/ErrorHandlerMiddleware.php, line 115
Cake\Error\Middleware\ErrorHandlerMiddleware->process() /var/www/cake/vendor/cakephp/cakephp/src/Http/Runner.php, line 82
Cake\Http\Runner->handle() /var/www/cake/vendor/cakephp/debug_kit/src/Middleware/DebugKitMiddleware.php, line 60
DebugKit\Middleware\DebugKitMiddleware->process() /var/www/cake/vendor/cakephp/cakephp/src/Http/Runner.php, line 82
Cake\Http\Runner->handle() /var/www/cake/vendor/cakephp/cakephp/src/Http/Runner.php, line 60
Cake\Http\Runner->run() /var/www/cake/vendor/cakephp/cakephp/src/Http/Server.php, line 104
Cake\Http\Server->run() /var/www/cake/webroot/index.php, line 37
[main]

2025-01-10 14:40:58 debug: number_format(): Passing null to parameter #1 ($num) of type float is deprecated
Request URL: /sleep-records
Referer URL: https://cake.furosha.com/login
Client IP: 172.71.134.235
Trace:
Cake\Error\ErrorTrap->handleError() [internal], line ??
/var/www/cake/templates/SleepRecords/index.php /var/www/cake/templates/SleepRecords/index.php, line 39
/var/www/cake/vendor/cakephp/cakephp/src/View/View.php /var/www/cake/vendor/cakephp/cakephp/src/View/View.php, line 1188
Cake\View\View->_evaluate() /var/www/cake/vendor/cakephp/cakephp/src/View/View.php, line 1145
Cake\View\View->_render() /var/www/cake/vendor/cakephp/cakephp/src/View/View.php, line 785
Cake\View\View->render() /var/www/cake/vendor/cakephp/cakephp/src/Controller/Controller.php, line 710
Cake\Controller\Controller->render() /var/www/cake/vendor/cakephp/cakephp/src/Controller/Controller.php, line 514
Cake\Controller\Controller->invokeAction() /var/www/cake/vendor/cakephp/cakephp/src/Controller/ControllerFactory.php, line 166
Cake\Controller\ControllerFactory->handle() /var/www/cake/vendor/cakephp/cakephp/src/Controller/ControllerFactory.php, line 141
Cake\Controller\ControllerFactory->invoke() /var/www/cake/vendor/cakephp/cakephp/src/Http/BaseApplication.php, line 362
Cake\Http\BaseApplication->handle() /var/www/cake/vendor/cakephp/cakephp/src/Http/Runner.php, line 86
Cake\Http\Runner->handle() /var/www/cake/vendor/cakephp/authentication/src/Middleware/AuthenticationMiddleware.php, line 107
Authentication\Middleware\AuthenticationMiddleware->process() /var/www/cake/vendor/cakephp/cakephp/src/Http/Runner.php, line 82
Cake\Http\Runner->handle() /var/www/cake/vendor/cakephp/cakephp/src/Http/Middleware/CsrfProtectionMiddleware.php, line 169
Cake\Http\Middleware\CsrfProtectionMiddleware->process() /var/www/cake/vendor/cakephp/cakephp/src/Http/Runner.php, line 82
Cake\Http\Runner->handle() /var/www/cake/vendor/cakephp/cakephp/src/Http/Middleware/BodyParserMiddleware.php, line 157
Cake\Http\Middleware\BodyParserMiddleware->process() /var/www/cake/vendor/cakephp/cakephp/src/Http/Runner.php, line 82
Cake\Http\Runner->handle() /var/www/cake/vendor/cakephp/cakephp/src/Routing/Middleware/RoutingMiddleware.php, line 118
Cake\Routing\Middleware\RoutingMiddleware->process() /var/www/cake/vendor/cakephp/cakephp/src/Http/Runner.php, line 82
Cake\Http\Runner->handle() /var/www/cake/vendor/cakephp/cakephp/src/Routing/Middleware/AssetMiddleware.php, line 69
Cake\Routing\Middleware\AssetMiddleware->process() /var/www/cake/vendor/cakephp/cakephp/src/Http/Runner.php, line 82
Cake\Http\Runner->handle() /var/www/cake/vendor/cakephp/cakephp/src/Error/Middleware/ErrorHandlerMiddleware.php, line 115
Cake\Error\Middleware\ErrorHandlerMiddleware->process() /var/www/cake/vendor/cakephp/cakephp/src/Http/Runner.php, line 82
Cake\Http\Runner->handle() /var/www/cake/vendor/cakephp/debug_kit/src/Middleware/DebugKitMiddleware.php, line 60
DebugKit\Middleware\DebugKitMiddleware->process() /var/www/cake/vendor/cakephp/cakephp/src/Http/Runner.php, line 82
Cake\Http\Runner->handle() /var/www/cake/vendor/cakephp/cakephp/src/Http/Runner.php, line 60
Cake\Http\Runner->run() /var/www/cake/vendor/cakephp/cakephp/src/Http/Server.php, line 104
Cake\Http\Server->run() /var/www/cake/webroot/index.php, line 37
[main]

2025-01-10 14:40:58 debug: number_format(): Passing null to parameter #1 ($num) of type float is deprecated
Request URL: /sleep-records
Referer URL: https://cake.furosha.com/login
Client IP: 172.71.134.235
Trace:
Cake\Error\ErrorTrap->handleError() [internal], line ??
/var/www/cake/templates/SleepRecords/index.php /var/www/cake/templates/SleepRecords/index.php, line 43
/var/www/cake/vendor/cakephp/cakephp/src/View/View.php /var/www/cake/vendor/cakephp/cakephp/src/View/View.php, line 1188
Cake\View\View->_evaluate() /var/www/cake/vendor/cakephp/cakephp/src/View/View.php, line 1145
Cake\View\View->_render() /var/www/cake/vendor/cakephp/cakephp/src/View/View.php, line 785
Cake\View\View->render() /var/www/cake/vendor/cakephp/cakephp/src/Controller/Controller.php, line 710
Cake\Controller\Controller->render() /var/www/cake/vendor/cakephp/cakephp/src/Controller/Controller.php, line 514
Cake\Controller\Controller->invokeAction() /var/www/cake/vendor/cakephp/cakephp/src/Controller/ControllerFactory.php, line 166
Cake\Controller\ControllerFactory->handle() /var/www/cake/vendor/cakephp/cakephp/src/Controller/ControllerFactory.php, line 141
Cake\Controller\ControllerFactory->invoke() /var/www/cake/vendor/cakephp/cakephp/src/Http/BaseApplication.php, line 362
Cake\Http\BaseApplication->handle() /var/www/cake/vendor/cakephp/cakephp/src/Http/Runner.php, line 86
Cake\Http\Runner->handle() /var/www/cake/vendor/cakephp/authentication/src/Middleware/AuthenticationMiddleware.php, line 107
Authentication\Middleware\AuthenticationMiddleware->process() /var/www/cake/vendor/cakephp/cakephp/src/Http/Runner.php, line 82
Cake\Http\Runner->handle() /var/www/cake/vendor/cakephp/cakephp/src/Http/Middleware/CsrfProtectionMiddleware.php, line 169
Cake\Http\Middleware\CsrfProtectionMiddleware->process() /var/www/cake/vendor/cakephp/cakephp/src/Http/Runner.php, line 82
Cake\Http\Runner->handle() /var/www/cake/vendor/cakephp/cakephp/src/Http/Middleware/BodyParserMiddleware.php, line 157
Cake\Http\Middleware\BodyParserMiddleware->process() /var/www/cake/vendor/cakephp/cakephp/src/Http/Runner.php, line 82
Cake\Http\Runner->handle() /var/www/cake/vendor/cakephp/cakephp/src/Routing/Middleware/RoutingMiddleware.php, line 118
Cake\Routing\Middleware\RoutingMiddleware->process() /var/www/cake/vendor/cakephp/cakephp/src/Http/Runner.php, line 82
Cake\Http\Runner->handle() /var/www/cake/vendor/cakephp/cakephp/src/Routing/Middleware/AssetMiddleware.php, line 69
Cake\Routing\Middleware\AssetMiddleware->process() /var/www/cake/vendor/cakephp/cakephp/src/Http/Runner.php, line 82
Cake\Http\Runner->handle() /var/www/cake/vendor/cakephp/cakephp/src/Error/Middleware/ErrorHandlerMiddleware.php, line 115
Cake\Error\Middleware\ErrorHandlerMiddleware->process() /var/www/cake/vendor/cakephp/cakephp/src/Http/Runner.php, line 82
Cake\Http\Runner->handle() /var/www/cake/vendor/cakephp/debug_kit/src/Middleware/DebugKitMiddleware.php, line 60
DebugKit\Middleware\DebugKitMiddleware->process() /var/www/cake/vendor/cakephp/cakephp/src/Http/Runner.php, line 82
Cake\Http\Runner->handle() /var/www/cake/vendor/cakephp/cakephp/src/Http/Runner.php, line 60
Cake\Http\Runner->run() /var/www/cake/vendor/cakephp/cakephp/src/Http/Server.php, line 104
Cake\Http\Server->run() /var/www/cake/webroot/index.php, line 37
[main]

2025-01-10 14:50:40 debug: Since 5.0.0: Calling Table::get() with options array is deprecated. Use named arguments instead.
/var/www/cake/src/Controller/SleepRecordsController.php, line: 91
You can disable all deprecation warnings by setting `Error.errorLevel` to `E_ALL & ~E_USER_DEPRECATED`. Adding `src/Controller/SleepRecordsController.php` to `Error.ignoredDeprecationPaths` in your `config/app.php` config will mute deprecations from that file only.
Request URL: /sleep-records/edit/11
Referer URL: https://cake.furosha.com/sleep-records
Client IP: 172.71.130.55
Trace:
Cake\Error\ErrorTrap->handleError() [internal], line ??
/var/www/cake/vendor/cakephp/cakephp/src/Core/functions.php /var/www/cake/vendor/cakephp/cakephp/src/Core/functions.php, line 384
/var/www/cake/vendor/cakephp/cakephp/src/ORM/Table.php /var/www/cake/vendor/cakephp/cakephp/src/ORM/Table.php, line 1560
Cake\ORM\Table->get() /var/www/cake/src/Controller/SleepRecordsController.php, line 91
App\Controller\SleepRecordsController->edit() /var/www/cake/vendor/cakephp/cakephp/src/Controller/Controller.php, line 503
Cake\Controller\Controller->invokeAction() /var/www/cake/vendor/cakephp/cakephp/src/Controller/ControllerFactory.php, line 166
Cake\Controller\ControllerFactory->handle() /var/www/cake/vendor/cakephp/cakephp/src/Controller/ControllerFactory.php, line 141
Cake\Controller\ControllerFactory->invoke() /var/www/cake/vendor/cakephp/cakephp/src/Http/BaseApplication.php, line 362
Cake\Http\BaseApplication->handle() /var/www/cake/vendor/cakephp/cakephp/src/Http/Runner.php, line 86
Cake\Http\Runner->handle() /var/www/cake/vendor/cakephp/authentication/src/Middleware/AuthenticationMiddleware.php, line 107
Authentication\Middleware\AuthenticationMiddleware->process() /var/www/cake/vendor/cakephp/cakephp/src/Http/Runner.php, line 82
Cake\Http\Runner->handle() /var/www/cake/vendor/cakephp/cakephp/src/Http/Middleware/CsrfProtectionMiddleware.php, line 169
Cake\Http\Middleware\CsrfProtectionMiddleware->process() /var/www/cake/vendor/cakephp/cakephp/src/Http/Runner.php, line 82
Cake\Http\Runner->handle() /var/www/cake/vendor/cakephp/cakephp/src/Http/Middleware/BodyParserMiddleware.php, line 157
Cake\Http\Middleware\BodyParserMiddleware->process() /var/www/cake/vendor/cakephp/cakephp/src/Http/Runner.php, line 82
Cake\Http\Runner->handle() /var/www/cake/vendor/cakephp/cakephp/src/Routing/Middleware/RoutingMiddleware.php, line 118
Cake\Routing\Middleware\RoutingMiddleware->process() /var/www/cake/vendor/cakephp/cakephp/src/Http/Runner.php, line 82
Cake\Http\Runner->handle() /var/www/cake/vendor/cakephp/cakephp/src/Routing/Middleware/AssetMiddleware.php, line 69
Cake\Routing\Middleware\AssetMiddleware->process() /var/www/cake/vendor/cakephp/cakephp/src/Http/Runner.php, line 82
Cake\Http\Runner->handle() /var/www/cake/vendor/cakephp/cakephp/src/Error/Middleware/ErrorHandlerMiddleware.php, line 115
Cake\Error\Middleware\ErrorHandlerMiddleware->process() /var/www/cake/vendor/cakephp/cakephp/src/Http/Runner.php, line 82
Cake\Http\Runner->handle() /var/www/cake/vendor/cakephp/debug_kit/src/Middleware/DebugKitMiddleware.php, line 60
DebugKit\Middleware\DebugKitMiddleware->process() /var/www/cake/vendor/cakephp/cakephp/src/Http/Runner.php, line 82
Cake\Http\Runner->handle() /var/www/cake/vendor/cakephp/cakephp/src/Http/Runner.php, line 60
Cake\Http\Runner->run() /var/www/cake/vendor/cakephp/cakephp/src/Http/Server.php, line 104
Cake\Http\Server->run() /var/www/cake/webroot/index.php, line 37
[main]

2025-01-10 16:39:38 debug: number_format(): Passing null to parameter #1 ($num) of type float is deprecated
Request URL: /sleep-records
Referer URL: https://cake.furosha.com/login
Client IP: 172.71.134.71
Trace:
Cake\Error\ErrorTrap->handleError() [internal], line ??
/var/www/cake/templates/SleepRecords/index.php /var/www/cake/templates/SleepRecords/index.php, line 35
/var/www/cake/vendor/cakephp/cakephp/src/View/View.php /var/www/cake/vendor/cakephp/cakephp/src/View/View.php, line 1188
Cake\View\View->_evaluate() /var/www/cake/vendor/cakephp/cakephp/src/View/View.php, line 1145
Cake\View\View->_render() /var/www/cake/vendor/cakephp/cakephp/src/View/View.php, line 785
Cake\View\View->render() /var/www/cake/vendor/cakephp/cakephp/src/Controller/Controller.php, line 710
Cake\Controller\Controller->render() /var/www/cake/vendor/cakephp/cakephp/src/Controller/Controller.php, line 514
Cake\Controller\Controller->invokeAction() /var/www/cake/vendor/cakephp/cakephp/src/Controller/ControllerFactory.php, line 166
Cake\Controller\ControllerFactory->handle() /var/www/cake/vendor/cakephp/cakephp/src/Controller/ControllerFactory.php, line 141
Cake\Controller\ControllerFactory->invoke() /var/www/cake/vendor/cakephp/cakephp/src/Http/BaseApplication.php, line 362
Cake\Http\BaseApplication->handle() /var/www/cake/vendor/cakephp/cakephp/src/Http/Runner.php, line 86
Cake\Http\Runner->handle() /var/www/cake/vendor/cakephp/authentication/src/Middleware/AuthenticationMiddleware.php, line 107
Authentication\Middleware\AuthenticationMiddleware->process() /var/www/cake/vendor/cakephp/cakephp/src/Http/Runner.php, line 82
Cake\Http\Runner->handle() /var/www/cake/vendor/cakephp/cakephp/src/Http/Middleware/CsrfProtectionMiddleware.php, line 169
Cake\Http\Middleware\CsrfProtectionMiddleware->process() /var/www/cake/vendor/cakephp/cakephp/src/Http/Runner.php, line 82
Cake\Http\Runner->handle() /var/www/cake/vendor/cakephp/cakephp/src/Http/Middleware/BodyParserMiddleware.php, line 157
Cake\Http\Middleware\BodyParserMiddleware->process() /var/www/cake/vendor/cakephp/cakephp/src/Http/Runner.php, line 82
Cake\Http\Runner->handle() /var/www/cake/vendor/cakephp/cakephp/src/Routing/Middleware/RoutingMiddleware.php, line 118
Cake\Routing\Middleware\RoutingMiddleware->process() /var/www/cake/vendor/cakephp/cakephp/src/Http/Runner.php, line 82
Cake\Http\Runner->handle() /var/www/cake/vendor/cakephp/cakephp/src/Routing/Middleware/AssetMiddleware.php, line 69
Cake\Routing\Middleware\AssetMiddleware->process() /var/www/cake/vendor/cakephp/cakephp/src/Http/Runner.php, line 82
Cake\Http\Runner->handle() /var/www/cake/vendor/cakephp/cakephp/src/Error/Middleware/ErrorHandlerMiddleware.php, line 115
Cake\Error\Middleware\ErrorHandlerMiddleware->process() /var/www/cake/vendor/cakephp/cakephp/src/Http/Runner.php, line 82
Cake\Http\Runner->handle() /var/www/cake/vendor/cakephp/debug_kit/src/Middleware/DebugKitMiddleware.php, line 60
DebugKit\Middleware\DebugKitMiddleware->process() /var/www/cake/vendor/cakephp/cakephp/src/Http/Runner.php, line 82
Cake\Http\Runner->handle() /var/www/cake/vendor/cakephp/cakephp/src/Http/Runner.php, line 60
Cake\Http\Runner->run() /var/www/cake/vendor/cakephp/cakephp/src/Http/Server.php, line 104
Cake\Http\Server->run() /var/www/cake/webroot/index.php, line 37
[main]

2025-01-10 16:39:38 debug: number_format(): Passing null to parameter #1 ($num) of type float is deprecated
Request URL: /sleep-records
Referer URL: https://cake.furosha.com/login
Client IP: 172.71.134.71
Trace:
Cake\Error\ErrorTrap->handleError() [internal], line ??
/var/www/cake/templates/SleepRecords/index.php /var/www/cake/templates/SleepRecords/index.php, line 39
/var/www/cake/vendor/cakephp/cakephp/src/View/View.php /var/www/cake/vendor/cakephp/cakephp/src/View/View.php, line 1188
Cake\View\View->_evaluate() /var/www/cake/vendor/cakephp/cakephp/src/View/View.php, line 1145
Cake\View\View->_render() /var/www/cake/vendor/cakephp/cakephp/src/View/View.php, line 785
Cake\View\View->render() /var/www/cake/vendor/cakephp/cakephp/src/Controller/Controller.php, line 710
Cake\Controller\Controller->render() /var/www/cake/vendor/cakephp/cakephp/src/Controller/Controller.php, line 514
Cake\Controller\Controller->invokeAction() /var/www/cake/vendor/cakephp/cakephp/src/Controller/ControllerFactory.php, line 166
Cake\Controller\ControllerFactory->handle() /var/www/cake/vendor/cakephp/cakephp/src/Controller/ControllerFactory.php, line 141
Cake\Controller\ControllerFactory->invoke() /var/www/cake/vendor/cakephp/cakephp/src/Http/BaseApplication.php, line 362
Cake\Http\BaseApplication->handle() /var/www/cake/vendor/cakephp/cakephp/src/Http/Runner.php, line 86
Cake\Http\Runner->handle() /var/www/cake/vendor/cakephp/authentication/src/Middleware/AuthenticationMiddleware.php, line 107
Authentication\Middleware\AuthenticationMiddleware->process() /var/www/cake/vendor/cakephp/cakephp/src/Http/Runner.php, line 82
Cake\Http\Runner->handle() /var/www/cake/vendor/cakephp/cakephp/src/Http/Middleware/CsrfProtectionMiddleware.php, line 169
Cake\Http\Middleware\CsrfProtectionMiddleware->process() /var/www/cake/vendor/cakephp/cakephp/src/Http/Runner.php, line 82
Cake\Http\Runner->handle() /var/www/cake/vendor/cakephp/cakephp/src/Http/Middleware/BodyParserMiddleware.php, line 157
Cake\Http\Middleware\BodyParserMiddleware->process() /var/www/cake/vendor/cakephp/cakephp/src/Http/Runner.php, line 82
Cake\Http\Runner->handle() /var/www/cake/vendor/cakephp/cakephp/src/Routing/Middleware/RoutingMiddleware.php, line 118
Cake\Routing\Middleware\RoutingMiddleware->process() /var/www/cake/vendor/cakephp/cakephp/src/Http/Runner.php, line 82
Cake\Http\Runner->handle() /var/www/cake/vendor/cakephp/cakephp/src/Routing/Middleware/AssetMiddleware.php, line 69
Cake\Routing\Middleware\AssetMiddleware->process() /var/www/cake/vendor/cakephp/cakephp/src/Http/Runner.php, line 82
Cake\Http\Runner->handle() /var/www/cake/vendor/cakephp/cakephp/src/Error/Middleware/ErrorHandlerMiddleware.php, line 115
Cake\Error\Middleware\ErrorHandlerMiddleware->process() /var/www/cake/vendor/cakephp/cakephp/src/Http/Runner.php, line 82
Cake\Http\Runner->handle() /var/www/cake/vendor/cakephp/debug_kit/src/Middleware/DebugKitMiddleware.php, line 60
DebugKit\Middleware\DebugKitMiddleware->process() /var/www/cake/vendor/cakephp/cakephp/src/Http/Runner.php, line 82
Cake\Http\Runner->handle() /var/www/cake/vendor/cakephp/cakephp/src/Http/Runner.php, line 60
Cake\Http\Runner->run() /var/www/cake/vendor/cakephp/cakephp/src/Http/Server.php, line 104
Cake\Http\Server->run() /var/www/cake/webroot/index.php, line 37
[main]

2025-01-10 16:39:38 debug: number_format(): Passing null to parameter #1 ($num) of type float is deprecated
Request URL: /sleep-records
Referer URL: https://cake.furosha.com/login
Client IP: 172.71.134.71
Trace:
Cake\Error\ErrorTrap->handleError() [internal], line ??
/var/www/cake/templates/SleepRecords/index.php /var/www/cake/templates/SleepRecords/index.php, line 43
/var/www/cake/vendor/cakephp/cakephp/src/View/View.php /var/www/cake/vendor/cakephp/cakephp/src/View/View.php, line 1188
Cake\View\View->_evaluate() /var/www/cake/vendor/cakephp/cakephp/src/View/View.php, line 1145
Cake\View\View->_render() /var/www/cake/vendor/cakephp/cakephp/src/View/View.php, line 785
Cake\View\View->render() /var/www/cake/vendor/cakephp/cakephp/src/Controller/Controller.php, line 710
Cake\Controller\Controller->render() /var/www/cake/vendor/cakephp/cakephp/src/Controller/Controller.php, line 514
Cake\Controller\Controller->invokeAction() /var/www/cake/vendor/cakephp/cakephp/src/Controller/ControllerFactory.php, line 166
Cake\Controller\ControllerFactory->handle() /var/www/cake/vendor/cakephp/cakephp/src/Controller/ControllerFactory.php, line 141
Cake\Controller\ControllerFactory->invoke() /var/www/cake/vendor/cakephp/cakephp/src/Http/BaseApplication.php, line 362
Cake\Http\BaseApplication->handle() /var/www/cake/vendor/cakephp/cakephp/src/Http/Runner.php, line 86
Cake\Http\Runner->handle() /var/www/cake/vendor/cakephp/authentication/src/Middleware/AuthenticationMiddleware.php, line 107
Authentication\Middleware\AuthenticationMiddleware->process() /var/www/cake/vendor/cakephp/cakephp/src/Http/Runner.php, line 82
Cake\Http\Runner->handle() /var/www/cake/vendor/cakephp/cakephp/src/Http/Middleware/CsrfProtectionMiddleware.php, line 169
Cake\Http\Middleware\CsrfProtectionMiddleware->process() /var/www/cake/vendor/cakephp/cakephp/src/Http/Runner.php, line 82
Cake\Http\Runner->handle() /var/www/cake/vendor/cakephp/cakephp/src/Http/Middleware/BodyParserMiddleware.php, line 157
Cake\Http\Middleware\BodyParserMiddleware->process() /var/www/cake/vendor/cakephp/cakephp/src/Http/Runner.php, line 82
Cake\Http\Runner->handle() /var/www/cake/vendor/cakephp/cakephp/src/Routing/Middleware/RoutingMiddleware.php, line 118
Cake\Routing\Middleware\RoutingMiddleware->process() /var/www/cake/vendor/cakephp/cakephp/src/Http/Runner.php, line 82
Cake\Http\Runner->handle() /var/www/cake/vendor/cakephp/cakephp/src/Routing/Middleware/AssetMiddleware.php, line 69
Cake\Routing\Middleware\AssetMiddleware->process() /var/www/cake/vendor/cakephp/cakephp/src/Http/Runner.php, line 82
Cake\Http\Runner->handle() /var/www/cake/vendor/cakephp/cakephp/src/Error/Middleware/ErrorHandlerMiddleware.php, line 115
Cake\Error\Middleware\ErrorHandlerMiddleware->process() /var/www/cake/vendor/cakephp/cakephp/src/Http/Runner.php, line 82
Cake\Http\Runner->handle() /var/www/cake/vendor/cakephp/debug_kit/src/Middleware/DebugKitMiddleware.php, line 60
DebugKit\Middleware\DebugKitMiddleware->process() /var/www/cake/vendor/cakephp/cakephp/src/Http/Runner.php, line 82
Cake\Http\Runner->handle() /var/www/cake/vendor/cakephp/cakephp/src/Http/Runner.php, line 60
Cake\Http\Runner->run() /var/www/cake/vendor/cakephp/cakephp/src/Http/Server.php, line 104
Cake\Http\Server->run() /var/www/cake/webroot/index.php, line 37
[main]

2025-01-10 16:43:09 debug: Since 5.0.0: Calling Table::get() with options array is deprecated. Use named arguments instead.
/var/www/cake/src/Controller/SleepRecordsController.php, line: 91
You can disable all deprecation warnings by setting `Error.errorLevel` to `E_ALL & ~E_USER_DEPRECATED`. Adding `src/Controller/SleepRecordsController.php` to `Error.ignoredDeprecationPaths` in your `config/app.php` config will mute deprecations from that file only.
Request URL: /sleep-records/edit/14
Referer URL: https://cake.furosha.com/sleep-records
Client IP: 172.71.126.107
Trace:
Cake\Error\ErrorTrap->handleError() [internal], line ??
/var/www/cake/vendor/cakephp/cakephp/src/Core/functions.php /var/www/cake/vendor/cakephp/cakephp/src/Core/functions.php, line 384
/var/www/cake/vendor/cakephp/cakephp/src/ORM/Table.php /var/www/cake/vendor/cakephp/cakephp/src/ORM/Table.php, line 1560
Cake\ORM\Table->get() /var/www/cake/src/Controller/SleepRecordsController.php, line 91
App\Controller\SleepRecordsController->edit() /var/www/cake/vendor/cakephp/cakephp/src/Controller/Controller.php, line 503
Cake\Controller\Controller->invokeAction() /var/www/cake/vendor/cakephp/cakephp/src/Controller/ControllerFactory.php, line 166
Cake\Controller\ControllerFactory->handle() /var/www/cake/vendor/cakephp/cakephp/src/Controller/ControllerFactory.php, line 141
Cake\Controller\ControllerFactory->invoke() /var/www/cake/vendor/cakephp/cakephp/src/Http/BaseApplication.php, line 362
Cake\Http\BaseApplication->handle() /var/www/cake/vendor/cakephp/cakephp/src/Http/Runner.php, line 86
Cake\Http\Runner->handle() /var/www/cake/vendor/cakephp/authentication/src/Middleware/AuthenticationMiddleware.php, line 107
Authentication\Middleware\AuthenticationMiddleware->process() /var/www/cake/vendor/cakephp/cakephp/src/Http/Runner.php, line 82
Cake\Http\Runner->handle() /var/www/cake/vendor/cakephp/cakephp/src/Http/Middleware/CsrfProtectionMiddleware.php, line 169
Cake\Http\Middleware\CsrfProtectionMiddleware->process() /var/www/cake/vendor/cakephp/cakephp/src/Http/Runner.php, line 82
Cake\Http\Runner->handle() /var/www/cake/vendor/cakephp/cakephp/src/Http/Middleware/BodyParserMiddleware.php, line 157
Cake\Http\Middleware\BodyParserMiddleware->process() /var/www/cake/vendor/cakephp/cakephp/src/Http/Runner.php, line 82
Cake\Http\Runner->handle() /var/www/cake/vendor/cakephp/cakephp/src/Routing/Middleware/RoutingMiddleware.php, line 118
Cake\Routing\Middleware\RoutingMiddleware->process() /var/www/cake/vendor/cakephp/cakephp/src/Http/Runner.php, line 82
Cake\Http\Runner->handle() /var/www/cake/vendor/cakephp/cakephp/src/Routing/Middleware/AssetMiddleware.php, line 69
Cake\Routing\Middleware\AssetMiddleware->process() /var/www/cake/vendor/cakephp/cakephp/src/Http/Runner.php, line 82
Cake\Http\Runner->handle() /var/www/cake/vendor/cakephp/cakephp/src/Error/Middleware/ErrorHandlerMiddleware.php, line 115
Cake\Error\Middleware\ErrorHandlerMiddleware->process() /var/www/cake/vendor/cakephp/cakephp/src/Http/Runner.php, line 82
Cake\Http\Runner->handle() /var/www/cake/vendor/cakephp/debug_kit/src/Middleware/DebugKitMiddleware.php, line 60
DebugKit\Middleware\DebugKitMiddleware->process() /var/www/cake/vendor/cakephp/cakephp/src/Http/Runner.php, line 82
Cake\Http\Runner->handle() /var/www/cake/vendor/cakephp/cakephp/src/Http/Runner.php, line 60
Cake\Http\Runner->run() /var/www/cake/vendor/cakephp/cakephp/src/Http/Server.php, line 104
Cake\Http\Server->run() /var/www/cake/webroot/index.php, line 37
[main]

2025-01-10 16:43:14 debug: Since 5.0.0: Calling Table::get() with options array is deprecated. Use named arguments instead.
/var/www/cake/src/Controller/SleepRecordsController.php, line: 91
You can disable all deprecation warnings by setting `Error.errorLevel` to `E_ALL & ~E_USER_DEPRECATED`. Adding `src/Controller/SleepRecordsController.php` to `Error.ignoredDeprecationPaths` in your `config/app.php` config will mute deprecations from that file only.
Request URL: /sleep-records/edit/14
Referer URL: https://cake.furosha.com/sleep-records/edit/14
Client IP: 172.71.126.107
Trace:
Cake\Error\ErrorTrap->handleError() [internal], line ??
/var/www/cake/vendor/cakephp/cakephp/src/Core/functions.php /var/www/cake/vendor/cakephp/cakephp/src/Core/functions.php, line 384
/var/www/cake/vendor/cakephp/cakephp/src/ORM/Table.php /var/www/cake/vendor/cakephp/cakephp/src/ORM/Table.php, line 1560
Cake\ORM\Table->get() /var/www/cake/src/Controller/SleepRecordsController.php, line 91
App\Controller\SleepRecordsController->edit() /var/www/cake/vendor/cakephp/cakephp/src/Controller/Controller.php, line 503
Cake\Controller\Controller->invokeAction() /var/www/cake/vendor/cakephp/cakephp/src/Controller/ControllerFactory.php, line 166
Cake\Controller\ControllerFactory->handle() /var/www/cake/vendor/cakephp/cakephp/src/Controller/ControllerFactory.php, line 141
Cake\Controller\ControllerFactory->invoke() /var/www/cake/vendor/cakephp/cakephp/src/Http/BaseApplication.php, line 362
Cake\Http\BaseApplication->handle() /var/www/cake/vendor/cakephp/cakephp/src/Http/Runner.php, line 86
Cake\Http\Runner->handle() /var/www/cake/vendor/cakephp/authentication/src/Middleware/AuthenticationMiddleware.php, line 107
Authentication\Middleware\AuthenticationMiddleware->process() /var/www/cake/vendor/cakephp/cakephp/src/Http/Runner.php, line 82
Cake\Http\Runner->handle() /var/www/cake/vendor/cakephp/cakephp/src/Http/Middleware/CsrfProtectionMiddleware.php, line 169
Cake\Http\Middleware\CsrfProtectionMiddleware->process() /var/www/cake/vendor/cakephp/cakephp/src/Http/Runner.php, line 82
Cake\Http\Runner->handle() /var/www/cake/vendor/cakephp/cakephp/src/Http/Middleware/BodyParserMiddleware.php, line 162
Cake\Http\Middleware\BodyParserMiddleware->process() /var/www/cake/vendor/cakephp/cakephp/src/Http/Runner.php, line 82
Cake\Http\Runner->handle() /var/www/cake/vendor/cakephp/cakephp/src/Routing/Middleware/RoutingMiddleware.php, line 118
Cake\Routing\Middleware\RoutingMiddleware->process() /var/www/cake/vendor/cakephp/cakephp/src/Http/Runner.php, line 82
Cake\Http\Runner->handle() /var/www/cake/vendor/cakephp/cakephp/src/Routing/Middleware/AssetMiddleware.php, line 69
Cake\Routing\Middleware\AssetMiddleware->process() /var/www/cake/vendor/cakephp/cakephp/src/Http/Runner.php, line 82
Cake\Http\Runner->handle() /var/www/cake/vendor/cakephp/cakephp/src/Error/Middleware/ErrorHandlerMiddleware.php, line 115
Cake\Error\Middleware\ErrorHandlerMiddleware->process() /var/www/cake/vendor/cakephp/cakephp/src/Http/Runner.php, line 82
Cake\Http\Runner->handle() /var/www/cake/vendor/cakephp/debug_kit/src/Middleware/DebugKitMiddleware.php, line 60
DebugKit\Middleware\DebugKitMiddleware->process() /var/www/cake/vendor/cakephp/cakephp/src/Http/Runner.php, line 82
Cake\Http\Runner->handle() /var/www/cake/vendor/cakephp/cakephp/src/Http/Runner.php, line 60
Cake\Http\Runner->run() /var/www/cake/vendor/cakephp/cakephp/src/Http/Server.php, line 104
Cake\Http\Server->run() /var/www/cake/webroot/index.php, line 37
[main]

2025-01-10 16:43:16 debug: Since 5.0.0: Calling Table::get() with options array is deprecated. Use named arguments instead.
/var/www/cake/src/Controller/SleepRecordsController.php, line: 91
You can disable all deprecation warnings by setting `Error.errorLevel` to `E_ALL & ~E_USER_DEPRECATED`. Adding `src/Controller/SleepRecordsController.php` to `Error.ignoredDeprecationPaths` in your `config/app.php` config will mute deprecations from that file only.
Request URL: /sleep-records/edit/14
Referer URL: https://cake.furosha.com/sleep-records/edit/14
Client IP: 172.71.126.107
Trace:
Cake\Error\ErrorTrap->handleError() [internal], line ??
/var/www/cake/vendor/cakephp/cakephp/src/Core/functions.php /var/www/cake/vendor/cakephp/cakephp/src/Core/functions.php, line 384
/var/www/cake/vendor/cakephp/cakephp/src/ORM/Table.php /var/www/cake/vendor/cakephp/cakephp/src/ORM/Table.php, line 1560
Cake\ORM\Table->get() /var/www/cake/src/Controller/SleepRecordsController.php, line 91
App\Controller\SleepRecordsController->edit() /var/www/cake/vendor/cakephp/cakephp/src/Controller/Controller.php, line 503
Cake\Controller\Controller->invokeAction() /var/www/cake/vendor/cakephp/cakephp/src/Controller/ControllerFactory.php, line 166
Cake\Controller\ControllerFactory->handle() /var/www/cake/vendor/cakephp/cakephp/src/Controller/ControllerFactory.php, line 141
Cake\Controller\ControllerFactory->invoke() /var/www/cake/vendor/cakephp/cakephp/src/Http/BaseApplication.php, line 362
Cake\Http\BaseApplication->handle() /var/www/cake/vendor/cakephp/cakephp/src/Http/Runner.php, line 86
Cake\Http\Runner->handle() /var/www/cake/vendor/cakephp/authentication/src/Middleware/AuthenticationMiddleware.php, line 107
Authentication\Middleware\AuthenticationMiddleware->process() /var/www/cake/vendor/cakephp/cakephp/src/Http/Runner.php, line 82
Cake\Http\Runner->handle() /var/www/cake/vendor/cakephp/cakephp/src/Http/Middleware/CsrfProtectionMiddleware.php, line 169
Cake\Http\Middleware\CsrfProtectionMiddleware->process() /var/www/cake/vendor/cakephp/cakephp/src/Http/Runner.php, line 82
Cake\Http\Runner->handle() /var/www/cake/vendor/cakephp/cakephp/src/Http/Middleware/BodyParserMiddleware.php, line 162
Cake\Http\Middleware\BodyParserMiddleware->process() /var/www/cake/vendor/cakephp/cakephp/src/Http/Runner.php, line 82
Cake\Http\Runner->handle() /var/www/cake/vendor/cakephp/cakephp/src/Routing/Middleware/RoutingMiddleware.php, line 118
Cake\Routing\Middleware\RoutingMiddleware->process() /var/www/cake/vendor/cakephp/cakephp/src/Http/Runner.php, line 82
Cake\Http\Runner->handle() /var/www/cake/vendor/cakephp/cakephp/src/Routing/Middleware/AssetMiddleware.php, line 69
Cake\Routing\Middleware\AssetMiddleware->process() /var/www/cake/vendor/cakephp/cakephp/src/Http/Runner.php, line 82
Cake\Http\Runner->handle() /var/www/cake/vendor/cakephp/cakephp/src/Error/Middleware/ErrorHandlerMiddleware.php, line 115
Cake\Error\Middleware\ErrorHandlerMiddleware->process() /var/www/cake/vendor/cakephp/cakephp/src/Http/Runner.php, line 82
Cake\Http\Runner->handle() /var/www/cake/vendor/cakephp/debug_kit/src/Middleware/DebugKitMiddleware.php, line 60
DebugKit\Middleware\DebugKitMiddleware->process() /var/www/cake/vendor/cakephp/cakephp/src/Http/Runner.php, line 82
Cake\Http\Runner->handle() /var/www/cake/vendor/cakephp/cakephp/src/Http/Runner.php, line 60
Cake\Http\Runner->run() /var/www/cake/vendor/cakephp/cakephp/src/Http/Server.php, line 104
Cake\Http\Server->run() /var/www/cake/webroot/index.php, line 37
[main]

