2025-01-10 12:50:44 warning: DebugKit is disabling itself as your host `cake.furosha.com` is not in the known safe list of top-level-domains (localhost, invalid, test, example, local, internal). If you would like to force DebugKit on use the `DebugKit.forceEnable` Configure option.
2025-01-10 12:51:37 warning: DebugKit is disabling itself as your host `cake.furosha.com` is not in the known safe list of top-level-domains (localhost, invalid, test, example, local, internal). If you would like to force DebugKit on use the `DebugKit.forceEnable` Configure option.
2025-01-10 12:54:00 warning: DebugKit is disabling itself as your host `cake.furosha.com` is not in the known safe list of top-level-domains (localhost, invalid, test, example, local, internal). If you would like to force DebugKit on use the `DebugKit.forceEnable` Configure option.
2025-01-10 13:01:37 warning: DebugKit is disabling itself as your host `cake.furosha.com` is not in the known safe list of top-level-domains (localhost, invalid, test, example, local, internal). If you would like to force DebugKit on use the `DebugKit.forceEnable` Configure option.
2025-01-10 13:01:37 warning: DebugKit is disabling itself as your host `cake.furosha.com` is not in the known safe list of top-level-domains (localhost, invalid, test, example, local, internal). If you would like to force DebugKit on use the `DebugKit.forceEnable` Configure option.
2025-01-10 13:08:43 warning: DebugKit is disabling itself as your host `cake.furosha.com` is not in the known safe list of top-level-domains (localhost, invalid, test, example, local, internal). If you would like to force DebugKit on use the `DebugKit.forceEnable` Configure option.
2025-01-10 13:13:39 warning: DebugKit not enabled. You need to either install pdo_sqlite, or define the "debug_kit" connection name.
2025-01-10 13:13:40 error: [Cake\Database\Exception\MissingExtensionException] Database driver `Cake\Database\Driver\Sqlite` cannot be used due to a missing PHP extension or unmet dependency. Requested by connection `test` in /var/www/cake/vendor/cakephp/cakephp/src/Database/Connection.php on line 177
Exception Attributes: array (
  'driver' => 'Cake\\Database\\Driver\\Sqlite',
  'name' => 'test',
)
Stack Trace:
- CORE/src/Database/Connection.php:127
- CORE/src/Datasource/ConnectionRegistry.php:82
- CORE/src/Core/ObjectRegistry.php:115
- CORE/src/Datasource/ConnectionManager.php:212
- ROOT/vendor/cakephp/debug_kit/src/Panel/SqlLogPanel.php:53
- ROOT/vendor/cakephp/debug_kit/src/ToolbarService.php:232
- ROOT/vendor/cakephp/debug_kit/src/Middleware/DebugKitMiddleware.php:58
- CORE/src/Http/Runner.php:82
- CORE/src/Http/Runner.php:60
- CORE/src/Http/Server.php:104
- ROOT/webroot/index.php:37
- [main]:

Request URL: /
Client IP: 172.71.134.240
2025-01-10 13:13:40 warning: DebugKit not enabled. You need to either install pdo_sqlite, or define the "debug_kit" connection name.
2025-01-10 13:13:40 error: [Cake\Database\Exception\MissingExtensionException] Database driver `Cake\Database\Driver\Sqlite` cannot be used due to a missing PHP extension or unmet dependency. Requested by connection `test` in /var/www/cake/vendor/cakephp/cakephp/src/Database/Connection.php on line 177
Exception Attributes: array (
  'driver' => 'Cake\\Database\\Driver\\Sqlite',
  'name' => 'test',
)
Stack Trace:
- CORE/src/Database/Connection.php:127
- CORE/src/Datasource/ConnectionRegistry.php:82
- CORE/src/Core/ObjectRegistry.php:115
- CORE/src/Datasource/ConnectionManager.php:212
- ROOT/vendor/cakephp/debug_kit/src/Panel/SqlLogPanel.php:53
- ROOT/vendor/cakephp/debug_kit/src/ToolbarService.php:232
- ROOT/vendor/cakephp/debug_kit/src/Middleware/DebugKitMiddleware.php:58
- CORE/src/Http/Runner.php:82
- CORE/src/Http/Runner.php:60
- CORE/src/Http/Server.php:104
- ROOT/webroot/index.php:37
- [main]:

Request URL: /
Client IP: 172.71.134.241
2025-01-10 13:14:01 warning: DebugKit not enabled. You need to either install pdo_sqlite, or define the "debug_kit" connection name.
2025-01-10 13:14:01 error: [Cake\Database\Exception\MissingExtensionException] Database driver `Cake\Database\Driver\Sqlite` cannot be used due to a missing PHP extension or unmet dependency. Requested by connection `test` in /var/www/cake/vendor/cakephp/cakephp/src/Database/Connection.php on line 177
Exception Attributes: array (
  'driver' => 'Cake\\Database\\Driver\\Sqlite',
  'name' => 'test',
)
Stack Trace:
- CORE/src/Database/Connection.php:127
- CORE/src/Datasource/ConnectionRegistry.php:82
- CORE/src/Core/ObjectRegistry.php:115
- CORE/src/Datasource/ConnectionManager.php:212
- ROOT/vendor/cakephp/debug_kit/src/Panel/SqlLogPanel.php:53
- ROOT/vendor/cakephp/debug_kit/src/ToolbarService.php:232
- ROOT/vendor/cakephp/debug_kit/src/Middleware/DebugKitMiddleware.php:58
- CORE/src/Http/Runner.php:82
- CORE/src/Http/Runner.php:60
- CORE/src/Http/Server.php:104
- ROOT/webroot/index.php:37
- [main]:

Request URL: /
Client IP: 141.101.95.12
2025-01-10 13:16:24 warning: DebugKit not enabled. You need to either install pdo_sqlite, or define the "debug_kit" connection name.
2025-01-10 13:16:24 error: [Cake\Database\Exception\MissingExtensionException] Database driver `Cake\Database\Driver\Sqlite` cannot be used due to a missing PHP extension or unmet dependency. Requested by connection `test` in /var/www/cake/vendor/cakephp/cakephp/src/Database/Connection.php on line 177
Exception Attributes: array (
  'driver' => 'Cake\\Database\\Driver\\Sqlite',
  'name' => 'test',
)
Stack Trace:
- CORE/src/Database/Connection.php:127
- CORE/src/Datasource/ConnectionRegistry.php:82
- CORE/src/Core/ObjectRegistry.php:115
- CORE/src/Datasource/ConnectionManager.php:212
- ROOT/vendor/cakephp/debug_kit/src/Panel/SqlLogPanel.php:53
- ROOT/vendor/cakephp/debug_kit/src/ToolbarService.php:232
- ROOT/vendor/cakephp/debug_kit/src/Middleware/DebugKitMiddleware.php:58
- CORE/src/Http/Runner.php:82
- CORE/src/Http/Runner.php:60
- CORE/src/Http/Server.php:104
- ROOT/webroot/index.php:37
- [main]:

Request URL: /
Client IP: 172.71.118.192
2025-01-10 13:16:45 warning: DebugKit not enabled. You need to either install pdo_sqlite, or define the "debug_kit" connection name.
2025-01-10 13:16:45 error: [Cake\Database\Exception\MissingExtensionException] Database driver `Cake\Database\Driver\Sqlite` cannot be used due to a missing PHP extension or unmet dependency. Requested by connection `test` in /var/www/cake/vendor/cakephp/cakephp/src/Database/Connection.php on line 177
Exception Attributes: array (
  'driver' => 'Cake\\Database\\Driver\\Sqlite',
  'name' => 'test',
)
Stack Trace:
- CORE/src/Database/Connection.php:127
- CORE/src/Datasource/ConnectionRegistry.php:82
- CORE/src/Core/ObjectRegistry.php:115
- CORE/src/Datasource/ConnectionManager.php:212
- ROOT/vendor/cakephp/debug_kit/src/Panel/SqlLogPanel.php:53
- ROOT/vendor/cakephp/debug_kit/src/ToolbarService.php:232
- ROOT/vendor/cakephp/debug_kit/src/Middleware/DebugKitMiddleware.php:58
- CORE/src/Http/Runner.php:82
- CORE/src/Http/Runner.php:60
- CORE/src/Http/Server.php:104
- ROOT/webroot/index.php:37
- [main]:

Request URL: /
Client IP: 172.71.134.240
2025-01-10 13:16:47 warning: DebugKit not enabled. You need to either install pdo_sqlite, or define the "debug_kit" connection name.
2025-01-10 13:16:47 error: [Cake\Database\Exception\MissingExtensionException] Database driver `Cake\Database\Driver\Sqlite` cannot be used due to a missing PHP extension or unmet dependency. Requested by connection `test` in /var/www/cake/vendor/cakephp/cakephp/src/Database/Connection.php on line 177
Exception Attributes: array (
  'driver' => 'Cake\\Database\\Driver\\Sqlite',
  'name' => 'test',
)
Stack Trace:
- CORE/src/Database/Connection.php:127
- CORE/src/Datasource/ConnectionRegistry.php:82
- CORE/src/Core/ObjectRegistry.php:115
- CORE/src/Datasource/ConnectionManager.php:212
- ROOT/vendor/cakephp/debug_kit/src/Panel/SqlLogPanel.php:53
- ROOT/vendor/cakephp/debug_kit/src/ToolbarService.php:232
- ROOT/vendor/cakephp/debug_kit/src/Middleware/DebugKitMiddleware.php:58
- CORE/src/Http/Runner.php:82
- CORE/src/Http/Runner.php:60
- CORE/src/Http/Server.php:104
- ROOT/webroot/index.php:37
- [main]:

Request URL: /
Client IP: 141.101.95.12
2025-01-10 13:16:48 warning: DebugKit not enabled. You need to either install pdo_sqlite, or define the "debug_kit" connection name.
2025-01-10 13:16:48 error: [Cake\Database\Exception\MissingExtensionException] Database driver `Cake\Database\Driver\Sqlite` cannot be used due to a missing PHP extension or unmet dependency. Requested by connection `test` in /var/www/cake/vendor/cakephp/cakephp/src/Database/Connection.php on line 177
Exception Attributes: array (
  'driver' => 'Cake\\Database\\Driver\\Sqlite',
  'name' => 'test',
)
Stack Trace:
- CORE/src/Database/Connection.php:127
- CORE/src/Datasource/ConnectionRegistry.php:82
- CORE/src/Core/ObjectRegistry.php:115
- CORE/src/Datasource/ConnectionManager.php:212
- ROOT/vendor/cakephp/debug_kit/src/Panel/SqlLogPanel.php:53
- ROOT/vendor/cakephp/debug_kit/src/ToolbarService.php:232
- ROOT/vendor/cakephp/debug_kit/src/Middleware/DebugKitMiddleware.php:58
- CORE/src/Http/Runner.php:82
- CORE/src/Http/Runner.php:60
- CORE/src/Http/Server.php:104
- ROOT/webroot/index.php:37
- [main]:

Request URL: /
Client IP: 141.101.95.12
2025-01-10 13:16:55 warning: DebugKit not enabled. You need to either install pdo_sqlite, or define the "debug_kit" connection name.
2025-01-10 13:16:55 error: [Cake\Database\Exception\MissingExtensionException] Database driver `Cake\Database\Driver\Sqlite` cannot be used due to a missing PHP extension or unmet dependency. Requested by connection `test` in /var/www/cake/vendor/cakephp/cakephp/src/Database/Connection.php on line 177
Exception Attributes: array (
  'driver' => 'Cake\\Database\\Driver\\Sqlite',
  'name' => 'test',
)
Stack Trace:
- CORE/src/Database/Connection.php:127
- CORE/src/Datasource/ConnectionRegistry.php:82
- CORE/src/Core/ObjectRegistry.php:115
- CORE/src/Datasource/ConnectionManager.php:212
- ROOT/vendor/cakephp/debug_kit/src/Panel/SqlLogPanel.php:53
- ROOT/vendor/cakephp/debug_kit/src/ToolbarService.php:232
- ROOT/vendor/cakephp/debug_kit/src/Middleware/DebugKitMiddleware.php:58
- CORE/src/Http/Runner.php:82
- CORE/src/Http/Runner.php:60
- CORE/src/Http/Server.php:104
- ROOT/webroot/index.php:37
- [main]:

Request URL: /
Client IP: 172.71.134.60
2025-01-10 13:55:32 error: [Cake\Http\Exception\MissingControllerException] Controller class `Login` could not be found. in /var/www/cake/vendor/cakephp/cakephp/src/Controller/ControllerFactory.php on line 335
Exception Attributes: array (
  'controller' => 'Login',
  'plugin' => NULL,
  'prefix' => NULL,
  '_ext' => NULL,
)
Stack Trace:
- CORE/src/Controller/ControllerFactory.php:77
- CORE/src/Http/BaseApplication.php:360
- CORE/src/Http/Runner.php:86
- CORE/src/Http/Middleware/CsrfProtectionMiddleware.php:169
- CORE/src/Http/Runner.php:82
- CORE/src/Http/Middleware/BodyParserMiddleware.php:157
- CORE/src/Http/Runner.php:82
- CORE/src/Routing/Middleware/RoutingMiddleware.php:118
- CORE/src/Http/Runner.php:82
- CORE/src/Routing/Middleware/AssetMiddleware.php:69
- CORE/src/Http/Runner.php:82
- CORE/src/Error/Middleware/ErrorHandlerMiddleware.php:115
- CORE/src/Http/Runner.php:82
- ROOT/vendor/cakephp/debug_kit/src/Middleware/DebugKitMiddleware.php:60
- CORE/src/Http/Runner.php:82
- CORE/src/Http/Runner.php:60
- CORE/src/Http/Server.php:104
- ROOT/webroot/index.php:37
- [main]:

Request URL: /login
Client IP: 141.101.69.132
2025-01-10 14:10:57 error: [Cake\Http\Exception\MissingControllerException] Controller class `Owa` could not be found. in /var/www/cake/vendor/cakephp/cakephp/src/Controller/ControllerFactory.php on line 335
Exception Attributes: array (
  'controller' => 'Owa',
  'plugin' => NULL,
  'prefix' => NULL,
  '_ext' => NULL,
)
Stack Trace:
- CORE/src/Controller/ControllerFactory.php:77
- CORE/src/Http/BaseApplication.php:360
- CORE/src/Http/Runner.php:86
- CORE/src/Http/Middleware/CsrfProtectionMiddleware.php:159
- CORE/src/Http/Runner.php:82
- CORE/src/Http/Middleware/BodyParserMiddleware.php:157
- CORE/src/Http/Runner.php:82
- CORE/src/Routing/Middleware/RoutingMiddleware.php:118
- CORE/src/Http/Runner.php:82
- CORE/src/Routing/Middleware/AssetMiddleware.php:78
- CORE/src/Http/Runner.php:82
- CORE/src/Error/Middleware/ErrorHandlerMiddleware.php:115
- CORE/src/Http/Runner.php:82
- CORE/src/Http/Runner.php:60
- CORE/src/Http/Server.php:104
- ROOT/webroot/index.php:37
- [main]:

Request URL: /owa/auth/logon.aspx
Client IP: 4.151.218.131
2025-01-10 14:38:11 error: [Cake\Http\Exception\InvalidCsrfTokenException] Missing or invalid CSRF cookie. in /var/www/cake/vendor/cakephp/cakephp/src/Http/Middleware/CsrfProtectionMiddleware.php on line 358
Stack Trace:
- CORE/src/Http/Middleware/CsrfProtectionMiddleware.php:165
- CORE/src/Http/Runner.php:82
- CORE/src/Http/Middleware/BodyParserMiddleware.php:162
- CORE/src/Http/Runner.php:82
- CORE/src/Routing/Middleware/RoutingMiddleware.php:118
- CORE/src/Http/Runner.php:82
- CORE/src/Routing/Middleware/AssetMiddleware.php:69
- CORE/src/Http/Runner.php:82
- CORE/src/Error/Middleware/ErrorHandlerMiddleware.php:115
- CORE/src/Http/Runner.php:82
- ROOT/vendor/cakephp/debug_kit/src/Middleware/DebugKitMiddleware.php:60
- CORE/src/Http/Runner.php:82
- CORE/src/Http/Runner.php:60
- CORE/src/Http/Server.php:104
- ROOT/webroot/index.php:37
- [main]:

Request URL: /register
Referer URL: https://cake.furosha.com/register
Client IP: 172.71.134.234
2025-01-10 14:38:44 error: [Cake\Http\Exception\InvalidCsrfTokenException] CSRF token from either the request body or request headers did not match or is missing. in /var/www/cake/vendor/cakephp/cakephp/src/Http/Middleware/CsrfProtectionMiddleware.php on line 381
Stack Trace:
- CORE/src/Http/Middleware/CsrfProtectionMiddleware.php:165
- CORE/src/Http/Runner.php:82
- CORE/src/Http/Middleware/BodyParserMiddleware.php:162
- CORE/src/Http/Runner.php:82
- CORE/src/Routing/Middleware/RoutingMiddleware.php:118
- CORE/src/Http/Runner.php:82
- CORE/src/Routing/Middleware/AssetMiddleware.php:69
- CORE/src/Http/Runner.php:82
- CORE/src/Error/Middleware/ErrorHandlerMiddleware.php:115
- CORE/src/Http/Runner.php:82
- ROOT/vendor/cakephp/debug_kit/src/Middleware/DebugKitMiddleware.php:60
- CORE/src/Http/Runner.php:82
- CORE/src/Http/Runner.php:60
- CORE/src/Http/Server.php:104
- ROOT/webroot/index.php:37
- [main]:

Request URL: /register
Referer URL: https://cake.furosha.com/register
Client IP: 172.71.134.235
2025-01-10 14:57:23 error: [Cake\Http\Exception\InvalidCsrfTokenException] Missing or incorrect CSRF cookie type. in /var/www/cake/vendor/cakephp/cakephp/src/Http/Middleware/CsrfProtectionMiddleware.php on line 354
Stack Trace:
- CORE/src/Http/Middleware/CsrfProtectionMiddleware.php:165
- CORE/src/Http/Runner.php:82
- CORE/src/Http/Middleware/BodyParserMiddleware.php:162
- CORE/src/Http/Runner.php:82
- CORE/src/Routing/Middleware/RoutingMiddleware.php:118
- CORE/src/Http/Runner.php:82
- CORE/src/Routing/Middleware/AssetMiddleware.php:78
- CORE/src/Http/Runner.php:82
- CORE/src/Error/Middleware/ErrorHandlerMiddleware.php:115
- CORE/src/Http/Runner.php:82
- CORE/src/Http/Runner.php:60
- CORE/src/Http/Server.php:104
- ROOT/webroot/index.php:37
- [main]:

Request URL: /hello.world?%ADd+allow_url_include%3d1+%ADd+auto_prepend_file%3dphp://input
Client IP: 47.251.103.74
2025-01-10 15:09:32 error: [Cake\Http\Exception\MissingControllerException] Controller class `AppleTouchIcon.png` could not be found. in /var/www/cake/vendor/cakephp/cakephp/src/Controller/ControllerFactory.php on line 335
Exception Attributes: array (
  'controller' => 'AppleTouchIcon.png',
  'plugin' => NULL,
  'prefix' => NULL,
  '_ext' => NULL,
)
Stack Trace:
- CORE/src/Controller/ControllerFactory.php:320
- CORE/src/Controller/ControllerFactory.php:75
- CORE/src/Http/BaseApplication.php:360
- CORE/src/Http/Runner.php:86
- ROOT/vendor/cakephp/authentication/src/Middleware/AuthenticationMiddleware.php:107
- CORE/src/Http/Runner.php:82
- CORE/src/Http/Middleware/CsrfProtectionMiddleware.php:159
- CORE/src/Http/Runner.php:82
- CORE/src/Http/Middleware/BodyParserMiddleware.php:157
- CORE/src/Http/Runner.php:82
- CORE/src/Routing/Middleware/RoutingMiddleware.php:118
- CORE/src/Http/Runner.php:82
- CORE/src/Routing/Middleware/AssetMiddleware.php:78
- CORE/src/Http/Runner.php:82
- CORE/src/Error/Middleware/ErrorHandlerMiddleware.php:115
- CORE/src/Http/Runner.php:82
- ROOT/vendor/cakephp/debug_kit/src/Middleware/DebugKitMiddleware.php:60
- CORE/src/Http/Runner.php:82
- CORE/src/Http/Runner.php:60
- CORE/src/Http/Server.php:104
- ROOT/webroot/index.php:37
- [main]:

Request URL: /apple-touch-icon.png
Client IP: 172.71.131.18
2025-01-10 15:09:32 error: [Cake\Http\Exception\MissingControllerException] Controller class `AppleTouchIconPrecomposed.png` could not be found. in /var/www/cake/vendor/cakephp/cakephp/src/Controller/ControllerFactory.php on line 335
Exception Attributes: array (
  'controller' => 'AppleTouchIconPrecomposed.png',
  'plugin' => NULL,
  'prefix' => NULL,
  '_ext' => NULL,
)
Stack Trace:
- CORE/src/Controller/ControllerFactory.php:320
- CORE/src/Controller/ControllerFactory.php:75
- CORE/src/Http/BaseApplication.php:360
- CORE/src/Http/Runner.php:86
- ROOT/vendor/cakephp/authentication/src/Middleware/AuthenticationMiddleware.php:107
- CORE/src/Http/Runner.php:82
- CORE/src/Http/Middleware/CsrfProtectionMiddleware.php:159
- CORE/src/Http/Runner.php:82
- CORE/src/Http/Middleware/BodyParserMiddleware.php:157
- CORE/src/Http/Runner.php:82
- CORE/src/Routing/Middleware/RoutingMiddleware.php:118
- CORE/src/Http/Runner.php:82
- CORE/src/Routing/Middleware/AssetMiddleware.php:78
- CORE/src/Http/Runner.php:82
- CORE/src/Error/Middleware/ErrorHandlerMiddleware.php:115
- CORE/src/Http/Runner.php:82
- ROOT/vendor/cakephp/debug_kit/src/Middleware/DebugKitMiddleware.php:60
- CORE/src/Http/Runner.php:82
- CORE/src/Http/Runner.php:60
- CORE/src/Http/Server.php:104
- ROOT/webroot/index.php:37
- [main]:

Request URL: /apple-touch-icon-precomposed.png
Client IP: 172.71.131.18
2025-01-10 16:35:55 error: [Cake\Http\Exception\MissingControllerException] Controller class `ReportServer` could not be found. in /var/www/cake/vendor/cakephp/cakephp/src/Controller/ControllerFactory.php on line 335
Exception Attributes: array (
  'controller' => 'ReportServer',
  'plugin' => NULL,
  'prefix' => NULL,
  '_ext' => NULL,
)
Stack Trace:
- CORE/src/Controller/ControllerFactory.php:77
- CORE/src/Http/BaseApplication.php:360
- CORE/src/Http/Runner.php:86
- ROOT/vendor/cakephp/authentication/src/Middleware/AuthenticationMiddleware.php:107
- CORE/src/Http/Runner.php:82
- CORE/src/Http/Middleware/CsrfProtectionMiddleware.php:159
- CORE/src/Http/Runner.php:82
- CORE/src/Http/Middleware/BodyParserMiddleware.php:157
- CORE/src/Http/Runner.php:82
- CORE/src/Routing/Middleware/RoutingMiddleware.php:118
- CORE/src/Http/Runner.php:82
- CORE/src/Routing/Middleware/AssetMiddleware.php:69
- CORE/src/Http/Runner.php:82
- CORE/src/Error/Middleware/ErrorHandlerMiddleware.php:115
- CORE/src/Http/Runner.php:82
- CORE/src/Http/Runner.php:60
- CORE/src/Http/Server.php:104
- ROOT/webroot/index.php:37
- [main]:

Request URL: /ReportServer
Client IP: 13.91.180.106
2025-01-10 17:43:13 error: [Cake\Http\Exception\MissingControllerException] Controller class `.git` could not be found. in /var/www/cake/vendor/cakephp/cakephp/src/Controller/ControllerFactory.php on line 335
Exception Attributes: array (
  'controller' => '.git',
  'plugin' => NULL,
  'prefix' => NULL,
  '_ext' => NULL,
)
Stack Trace:
- CORE/src/Controller/ControllerFactory.php:320
- CORE/src/Controller/ControllerFactory.php:75
- CORE/src/Http/BaseApplication.php:360
- CORE/src/Http/Runner.php:86
- ROOT/vendor/cakephp/authentication/src/Middleware/AuthenticationMiddleware.php:107
- CORE/src/Http/Runner.php:82
- CORE/src/Http/Middleware/CsrfProtectionMiddleware.php:159
- CORE/src/Http/Runner.php:82
- CORE/src/Http/Middleware/BodyParserMiddleware.php:157
- CORE/src/Http/Runner.php:82
- CORE/src/Routing/Middleware/RoutingMiddleware.php:118
- CORE/src/Http/Runner.php:82
- CORE/src/Routing/Middleware/AssetMiddleware.php:73
- CORE/src/Http/Runner.php:82
- CORE/src/Error/Middleware/ErrorHandlerMiddleware.php:115
- CORE/src/Http/Runner.php:82
- ROOT/vendor/cakephp/debug_kit/src/Middleware/DebugKitMiddleware.php:60
- CORE/src/Http/Runner.php:82
- CORE/src/Http/Runner.php:60
- CORE/src/Http/Server.php:104
- ROOT/webroot/index.php:37
- [main]:

Request URL: /.git/config
Client IP: 172.68.243.108
2025-01-10 17:45:15 error: [Cake\Http\Exception\MissingControllerException] Controller class `.env` could not be found. in /var/www/cake/vendor/cakephp/cakephp/src/Controller/ControllerFactory.php on line 335
Exception Attributes: array (
  'controller' => '.env',
  'plugin' => NULL,
  'prefix' => NULL,
  '_ext' => NULL,
)
Stack Trace:
- CORE/src/Controller/ControllerFactory.php:320
- CORE/src/Controller/ControllerFactory.php:75
- CORE/src/Http/BaseApplication.php:360
- CORE/src/Http/Runner.php:86
- ROOT/vendor/cakephp/authentication/src/Middleware/AuthenticationMiddleware.php:107
- CORE/src/Http/Runner.php:82
- CORE/src/Http/Middleware/CsrfProtectionMiddleware.php:159
- CORE/src/Http/Runner.php:82
- CORE/src/Http/Middleware/BodyParserMiddleware.php:157
- CORE/src/Http/Runner.php:82
- CORE/src/Routing/Middleware/RoutingMiddleware.php:118
- CORE/src/Http/Runner.php:82
- CORE/src/Routing/Middleware/AssetMiddleware.php:73
- CORE/src/Http/Runner.php:82
- CORE/src/Error/Middleware/ErrorHandlerMiddleware.php:115
- CORE/src/Http/Runner.php:82
- CORE/src/Http/Runner.php:60
- CORE/src/Http/Server.php:104
- ROOT/webroot/index.php:37
- [main]:

Request URL: /.env
Client IP: 81.161.238.40
2025-01-10 17:55:05 error: [Cake\Http\Exception\MissingControllerException] Controller class `.env` could not be found. in /var/www/cake/vendor/cakephp/cakephp/src/Controller/ControllerFactory.php on line 335
Exception Attributes: array (
  'controller' => '.env',
  'plugin' => NULL,
  'prefix' => NULL,
  '_ext' => NULL,
)
Stack Trace:
- CORE/src/Controller/ControllerFactory.php:320
- CORE/src/Controller/ControllerFactory.php:75
- CORE/src/Http/BaseApplication.php:360
- CORE/src/Http/Runner.php:86
- ROOT/vendor/cakephp/authentication/src/Middleware/AuthenticationMiddleware.php:107
- CORE/src/Http/Runner.php:82
- CORE/src/Http/Middleware/CsrfProtectionMiddleware.php:159
- CORE/src/Http/Runner.php:82
- CORE/src/Http/Middleware/BodyParserMiddleware.php:157
- CORE/src/Http/Runner.php:82
- CORE/src/Routing/Middleware/RoutingMiddleware.php:118
- CORE/src/Http/Runner.php:82
- CORE/src/Routing/Middleware/AssetMiddleware.php:73
- CORE/src/Http/Runner.php:82
- CORE/src/Error/Middleware/ErrorHandlerMiddleware.php:115
- CORE/src/Http/Runner.php:82
- CORE/src/Http/Runner.php:60
- CORE/src/Http/Server.php:104
- ROOT/webroot/index.php:37
- [main]:

Request URL: /.env
Client IP: 81.161.238.40
2025-01-10 18:06:19 error: [Cake\Http\Exception\MissingControllerException] Controller class `.env` could not be found. in /var/www/cake/vendor/cakephp/cakephp/src/Controller/ControllerFactory.php on line 335
Exception Attributes: array (
  'controller' => '.env',
  'plugin' => NULL,
  'prefix' => NULL,
  '_ext' => NULL,
)
Stack Trace:
- CORE/src/Controller/ControllerFactory.php:320
- CORE/src/Controller/ControllerFactory.php:75
- CORE/src/Http/BaseApplication.php:360
- CORE/src/Http/Runner.php:86
- ROOT/vendor/cakephp/authentication/src/Middleware/AuthenticationMiddleware.php:107
- CORE/src/Http/Runner.php:82
- CORE/src/Http/Middleware/CsrfProtectionMiddleware.php:159
- CORE/src/Http/Runner.php:82
- CORE/src/Http/Middleware/BodyParserMiddleware.php:157
- CORE/src/Http/Runner.php:82
- CORE/src/Routing/Middleware/RoutingMiddleware.php:118
- CORE/src/Http/Runner.php:82
- CORE/src/Routing/Middleware/AssetMiddleware.php:73
- CORE/src/Http/Runner.php:82
- CORE/src/Error/Middleware/ErrorHandlerMiddleware.php:115
- CORE/src/Http/Runner.php:82
- ROOT/vendor/cakephp/debug_kit/src/Middleware/DebugKitMiddleware.php:60
- CORE/src/Http/Runner.php:82
- CORE/src/Http/Runner.php:60
- CORE/src/Http/Server.php:104
- ROOT/webroot/index.php:37
- [main]:

Request URL: /.env
Client IP: 172.71.95.43
